Step: build-step-credential-initializer-zf5np:

{"level":"warn","ts":1555404539.36014,"logger":"fallback-logger","caller":"logging/config.go:65","msg":"Fetch GitHub commit ID from kodata failed: \"ref: refs/heads/backport-container-name-fix\" is not a valid GitHub commit ID"}
{"level":"info","ts":1555404539.3617485,"logger":"fallback-logger","caller":"creds-init/main.go:40","msg":"Credentials initialized."}
Step: build-step-git-source-cb-kubecd-environment-jstrachan-bqwkk:

{"level":"warn","ts":1555404542.555534,"logger":"fallback-logger","caller":"logging/config.go:65","msg":"Fetch GitHub commit ID from kodata failed: \"ref: refs/heads/backport-container-name-fix\" is not a valid GitHub commit ID"}
{"level":"info","ts":1555404544.3749876,"logger":"fallback-logger","caller":"git-init/main.go:99","msg":"Successfully cloned \"https://github.com/cb-kubecd/environment-jstrachan-t1-staging\" @ \"09bfaf9551252b86d33cde2d277e225166c729f8\" in path \"/workspace/source\""}
Step: build-step-place-tools:

Step: build-step-git-merge:

Warning failed to load version: failed to parse version -dev+9e73adc0b: No Major.Minor.Patch elements found
time="2019-04-16T08:50:45Z" level=info msg="got "
Using SHAs from PULL_REFS=master:414896aa1f809758f6dbe10063807f1155c0f867,1:09bfaf9551252b86d33cde2d277e225166c729f8
ran git fetch origin 09bfaf9551252b86d33cde2d277e225166c729f8: 414896aa1f809758f6dbe10063807f1155c0f867: in 
Unshallowed git repo in 
ran git checkout master in 
ran git reset --hard 414896aa1f809758f6dbe10063807f1155c0f867 in 
ran clean --force -d . in 
ran git merge 09bfaf9551252b86d33cde2d277e225166c729f8 in 
Step: build-step-build-helm-build:

{"level":"warning","msg":"No $CHART_REPOSITORY defined so using the default value of: http://jenkins-x-chartmuseum:8080\n","time":"2019-04-16T08:50:48Z"}
{"level":"info","msg":"Adding missing Helm repo: chartmuseum.jenkins-x.io http://chartmuseum.jenkins-x.io\n","time":"2019-04-16T08:50:51Z"}
{"level":"info","msg":"Successfully added Helm repository chartmuseum.jenkins-x.io.\n","time":"2019-04-16T08:50:52Z"}
{"level":"info","msg":"Adding missing Helm repo: jenkins-x-chartmuseum:8080 http://jenkins-x-chartmuseum:8080\n","time":"2019-04-16T08:50:52Z"}
{"level":"info","msg":"Successfully added Helm repository jenkins-x-chartmuseum:8080.\n","time":"2019-04-16T08:50:52Z"}
Step: build-step-source-mkdir-cb-kubecd-environment-jstrachan-rwz9x:

{"level":"warn","ts":1555404664.8479376,"logger":"fallback-logger","caller":"logging/config.go:65","msg":"Fetch GitHub commit ID from kodata failed: open /var/run/ko/HEAD: no such file or directory"}
{"level":"info","ts":1555404664.8824708,"logger":"fallback-logger","caller":"bash/main.go:65","msg":"Successfully executed command \"mkdir -p /pvc/from-build-pack/workspace\""}
Step: build-step-source-copy-cb-kubecd-environment-jstrachan-djk98:

{"level":"warn","ts":1555404665.481144,"logger":"fallback-logger","caller":"logging/config.go:65","msg":"Fetch GitHub commit ID from kodata failed: open /var/run/ko/HEAD: no such file or directory"}
{"level":"info","ts":1555404665.569544,"logger":"fallback-logger","caller":"bash/main.go:65","msg":"Successfully executed command \"cp -r /workspace/source/. /pvc/from-build-pack/workspace\""}
